2014-05-29 05:07:39 - [32minfo[39m:  



2014-05-29 05:07:39 - [32minfo[39m:  ---------------------------------------------
2014-05-29 05:07:39 - [32minfo[39m:              START OF LOG SECTION 
2014-05-29 05:07:39 - [32minfo[39m:  ---------------------------------------------
2014-05-29 05:11:16 - [32minfo[39m:  



2014-05-29 05:11:16 - [32minfo[39m:  ---------------------------------------------
2014-05-29 05:11:16 - [32minfo[39m:              START OF LOG SECTION 
2014-05-29 05:11:16 - [32minfo[39m:  ---------------------------------------------
2014-05-29 05:11:48 - [32minfo[39m:  



2014-05-29 05:11:48 - [32minfo[39m:  ---------------------------------------------
2014-05-29 05:11:48 - [32minfo[39m:              START OF LOG SECTION 
2014-05-29 05:11:48 - [32minfo[39m:  ---------------------------------------------
2014-05-29 05:13:15 - [32minfo[39m:  



2014-05-29 05:13:15 - [32minfo[39m:  ---------------------------------------------
2014-05-29 05:13:15 - [32minfo[39m:              START OF LOG SECTION 
2014-05-29 05:13:15 - [32minfo[39m:  ---------------------------------------------
2014-05-29 05:16:46 - [32minfo[39m:  



2014-05-29 05:16:46 - [32minfo[39m:  ---------------------------------------------
2014-05-29 05:16:46 - [32minfo[39m:              START OF LOG SECTION 
2014-05-29 05:16:46 - [32minfo[39m:  ---------------------------------------------
2014-05-29 05:17:35 - [32minfo[39m:  



2014-05-29 05:17:35 - [32minfo[39m:  ---------------------------------------------
2014-05-29 05:17:35 - [32minfo[39m:              START OF LOG SECTION 
2014-05-29 05:17:35 - [32minfo[39m:  ---------------------------------------------
2014-05-29 05:17:55 - [32minfo[39m:  



2014-05-29 05:17:55 - [32minfo[39m:  ---------------------------------------------
2014-05-29 05:17:55 - [32minfo[39m:              START OF LOG SECTION 
2014-05-29 05:17:55 - [32minfo[39m:  ---------------------------------------------
2014-05-29 05:18:29 - [32minfo[39m:  



2014-05-29 05:18:29 - [32minfo[39m:  ---------------------------------------------
2014-05-29 05:18:29 - [32minfo[39m:              START OF LOG SECTION 
2014-05-29 05:18:29 - [32minfo[39m:  ---------------------------------------------
2014-05-29 05:19:16 - [32minfo[39m:  



2014-05-29 05:19:16 - [32minfo[39m:  ---------------------------------------------
2014-05-29 05:19:16 - [32minfo[39m:              START OF LOG SECTION 
2014-05-29 05:19:16 - [32minfo[39m:  ---------------------------------------------
2014-05-29 05:20:29 - [32minfo[39m:  



2014-05-29 05:20:29 - [32minfo[39m:  ---------------------------------------------
2014-05-29 05:20:29 - [32minfo[39m:              START OF LOG SECTION 
2014-05-29 05:20:29 - [32minfo[39m:  ---------------------------------------------
2014-05-29 05:23:27 - [32minfo[39m:  



2014-05-29 05:23:27 - [32minfo[39m:  ---------------------------------------------
2014-05-29 05:23:27 - [32minfo[39m:              START OF LOG SECTION 
2014-05-29 05:23:27 - [32minfo[39m:  ---------------------------------------------
2014-05-29 05:27:09 - [32minfo[39m:  



2014-05-29 05:27:09 - [32minfo[39m:  ---------------------------------------------
2014-05-29 05:27:09 - [32minfo[39m:              START OF LOG SECTION 
2014-05-29 05:27:09 - [32minfo[39m:  ---------------------------------------------
2014-05-29 05:33:20 - [32minfo[39m:  



2014-05-29 05:33:20 - [32minfo[39m:  ---------------------------------------------
2014-05-29 05:33:20 - [32minfo[39m:              START OF LOG SECTION 
2014-05-29 05:33:20 - [32minfo[39m:  ---------------------------------------------
2014-05-29 05:34:14 - [32minfo[39m:  



2014-05-29 05:34:14 - [32minfo[39m:  ---------------------------------------------
2014-05-29 05:34:14 - [32minfo[39m:              START OF LOG SECTION 
2014-05-29 05:34:14 - [32minfo[39m:  ---------------------------------------------
2014-05-29 05:45:15 - [32minfo[39m:  



2014-05-29 05:45:15 - [32minfo[39m:  ---------------------------------------------
2014-05-29 05:45:15 - [32minfo[39m:              START OF LOG SECTION 
2014-05-29 05:45:15 - [32minfo[39m:  ---------------------------------------------
2014-05-29 05:46:31 - [32minfo[39m:  



2014-05-29 05:46:31 - [32minfo[39m:  ---------------------------------------------
2014-05-29 05:46:31 - [32minfo[39m:              START OF LOG SECTION 
2014-05-29 05:46:31 - [32minfo[39m:  ---------------------------------------------
2014-05-29 06:09:20 - [32minfo[39m:  



2014-05-29 06:09:20 - [32minfo[39m:  ---------------------------------------------
2014-05-29 06:09:20 - [32minfo[39m:              START OF LOG SECTION 
2014-05-29 06:09:20 - [32minfo[39m:  ---------------------------------------------
2014-05-29 06:10:28 - [32minfo[39m:  



2014-05-29 06:10:28 - [32minfo[39m:  ---------------------------------------------
2014-05-29 06:10:28 - [32minfo[39m:              START OF LOG SECTION 
2014-05-29 06:10:28 - [32minfo[39m:  ---------------------------------------------
2014-05-29 06:13:28 - [32minfo[39m:  



2014-05-29 06:13:28 - [32minfo[39m:  ---------------------------------------------
2014-05-29 06:13:28 - [32minfo[39m:              START OF LOG SECTION 
2014-05-29 06:13:28 - [32minfo[39m:  ---------------------------------------------
2014-05-29 06:15:13 - [32minfo[39m:  



2014-05-29 06:15:13 - [32minfo[39m:  ---------------------------------------------
2014-05-29 06:15:13 - [32minfo[39m:              START OF LOG SECTION 
2014-05-29 06:15:13 - [32minfo[39m:  ---------------------------------------------
2014-05-29 06:15:36 - [32minfo[39m:  



2014-05-29 06:15:36 - [32minfo[39m:  ---------------------------------------------
2014-05-29 06:15:36 - [32minfo[39m:              START OF LOG SECTION 
2014-05-29 06:15:36 - [32minfo[39m:  ---------------------------------------------
2014-05-29 06:15:51 - [32minfo[39m:  



2014-05-29 06:15:51 - [32minfo[39m:  ---------------------------------------------
2014-05-29 06:15:51 - [32minfo[39m:              START OF LOG SECTION 
2014-05-29 06:15:51 - [32minfo[39m:  ---------------------------------------------
2014-05-29 06:20:08 - [32minfo[39m:  



2014-05-29 06:20:08 - [32minfo[39m:  ---------------------------------------------
2014-05-29 06:20:08 - [32minfo[39m:              START OF LOG SECTION 
2014-05-29 06:20:08 - [32minfo[39m:  ---------------------------------------------
2014-05-29 06:20:50 - [32minfo[39m:  



2014-05-29 06:20:50 - [32minfo[39m:  ---------------------------------------------
2014-05-29 06:20:50 - [32minfo[39m:              START OF LOG SECTION 
2014-05-29 06:20:50 - [32minfo[39m:  ---------------------------------------------
2014-05-29 06:23:53 - [32minfo[39m:  



2014-05-29 06:23:53 - [32minfo[39m:  ---------------------------------------------
2014-05-29 06:23:53 - [32minfo[39m:              START OF LOG SECTION 
2014-05-29 06:23:53 - [32minfo[39m:  ---------------------------------------------
2014-05-29 06:24:31 - [32minfo[39m:  



2014-05-29 06:24:31 - [32minfo[39m:  ---------------------------------------------
2014-05-29 06:24:31 - [32minfo[39m:              START OF LOG SECTION 
2014-05-29 06:24:31 - [32minfo[39m:  ---------------------------------------------
2014-05-29 06:25:27 - [32minfo[39m:  



2014-05-29 06:25:27 - [32minfo[39m:  ---------------------------------------------
2014-05-29 06:25:27 - [32minfo[39m:              START OF LOG SECTION 
2014-05-29 06:25:27 - [32minfo[39m:  ---------------------------------------------
2014-05-29 06:26:07 - [32minfo[39m:  



2014-05-29 06:26:07 - [32minfo[39m:  ---------------------------------------------
2014-05-29 06:26:07 - [32minfo[39m:              START OF LOG SECTION 
2014-05-29 06:26:07 - [32minfo[39m:  ---------------------------------------------
2014-05-29 06:28:49 - [32minfo[39m:  



2014-05-29 06:28:49 - [32minfo[39m:  ---------------------------------------------
2014-05-29 06:28:49 - [32minfo[39m:              START OF LOG SECTION 
2014-05-29 06:28:49 - [32minfo[39m:  ---------------------------------------------
2014-05-29 06:30:01 - [32minfo[39m:  



2014-05-29 06:30:01 - [32minfo[39m:  ---------------------------------------------
2014-05-29 06:30:01 - [32minfo[39m:              START OF LOG SECTION 
2014-05-29 06:30:01 - [32minfo[39m:  ---------------------------------------------
2014-05-29 06:31:29 - [32minfo[39m:  



2014-05-29 06:31:29 - [32minfo[39m:  ---------------------------------------------
2014-05-29 06:31:29 - [32minfo[39m:              START OF LOG SECTION 
2014-05-29 06:31:29 - [32minfo[39m:  ---------------------------------------------
2014-05-29 06:31:50 - [32minfo[39m:  



2014-05-29 06:31:50 - [32minfo[39m:  ---------------------------------------------
2014-05-29 06:31:50 - [32minfo[39m:              START OF LOG SECTION 
2014-05-29 06:31:50 - [32minfo[39m:  ---------------------------------------------
2014-05-29 06:33:46 - [32minfo[39m:  



2014-05-29 06:33:46 - [32minfo[39m:  ---------------------------------------------
2014-05-29 06:33:46 - [32minfo[39m:              START OF LOG SECTION 
2014-05-29 06:33:46 - [32minfo[39m:  ---------------------------------------------
2014-05-29 06:35:04 - [32minfo[39m:  



2014-05-29 06:35:04 - [32minfo[39m:  ---------------------------------------------
2014-05-29 06:35:04 - [32minfo[39m:              START OF LOG SECTION 
2014-05-29 06:35:04 - [32minfo[39m:  ---------------------------------------------
2014-05-29 06:38:09 - [32minfo[39m:  



2014-05-29 06:38:09 - [32minfo[39m:  ---------------------------------------------
2014-05-29 06:38:09 - [32minfo[39m:              START OF LOG SECTION 
2014-05-29 06:38:09 - [32minfo[39m:  ---------------------------------------------
2014-05-29 06:38:51 - [32minfo[39m:  



2014-05-29 06:38:51 - [32minfo[39m:  ---------------------------------------------
2014-05-29 06:38:51 - [32minfo[39m:              START OF LOG SECTION 
2014-05-29 06:38:51 - [32minfo[39m:  ---------------------------------------------
2014-05-29 06:40:05 - [32minfo[39m:  



2014-05-29 06:40:05 - [32minfo[39m:  ---------------------------------------------
2014-05-29 06:40:05 - [32minfo[39m:              START OF LOG SECTION 
2014-05-29 06:40:05 - [32minfo[39m:  ---------------------------------------------
2014-05-29 06:57:55 - [32minfo[39m:  



2014-05-29 06:57:55 - [32minfo[39m:  ---------------------------------------------
2014-05-29 06:57:55 - [32minfo[39m:              START OF LOG SECTION 
2014-05-29 06:57:55 - [32minfo[39m:  ---------------------------------------------
2014-05-29 07:00:01 - [32minfo[39m:  



2014-05-29 07:00:01 - [32minfo[39m:  ---------------------------------------------
2014-05-29 07:00:01 - [32minfo[39m:              START OF LOG SECTION 
2014-05-29 07:00:01 - [32minfo[39m:  ---------------------------------------------
2014-05-29 07:00:32 - [32minfo[39m:  



2014-05-29 07:00:32 - [32minfo[39m:  ---------------------------------------------
2014-05-29 07:00:32 - [32minfo[39m:              START OF LOG SECTION 
2014-05-29 07:00:32 - [32minfo[39m:  ---------------------------------------------
2014-05-29 07:04:09 - [32minfo[39m:  



2014-05-29 07:04:09 - [32minfo[39m:  ---------------------------------------------
2014-05-29 07:04:09 - [32minfo[39m:              START OF LOG SECTION 
2014-05-29 07:04:09 - [32minfo[39m:  ---------------------------------------------
2014-05-29 07:05:34 - [32minfo[39m:  



2014-05-29 07:05:34 - [32minfo[39m:  ---------------------------------------------
2014-05-29 07:05:34 - [32minfo[39m:              START OF LOG SECTION 
2014-05-29 07:05:34 - [32minfo[39m:  ---------------------------------------------
2014-05-29 07:08:02 - [32minfo[39m:  



2014-05-29 07:08:02 - [32minfo[39m:  ---------------------------------------------
2014-05-29 07:08:02 - [32minfo[39m:              START OF LOG SECTION 
2014-05-29 07:08:02 - [32minfo[39m:  ---------------------------------------------
2014-05-29 07:10:42 - [32minfo[39m:  



2014-05-29 07:10:42 - [32minfo[39m:  ---------------------------------------------
2014-05-29 07:10:42 - [32minfo[39m:              START OF LOG SECTION 
2014-05-29 07:10:42 - [32minfo[39m:  ---------------------------------------------
2014-05-29 07:14:46 - [32minfo[39m:  



2014-05-29 07:14:46 - [32minfo[39m:  ---------------------------------------------
2014-05-29 07:14:46 - [32minfo[39m:              START OF LOG SECTION 
2014-05-29 07:14:46 - [32minfo[39m:  ---------------------------------------------
2014-05-29 07:16:16 - [32minfo[39m:  



2014-05-29 07:16:16 - [32minfo[39m:  ---------------------------------------------
2014-05-29 07:16:16 - [32minfo[39m:              START OF LOG SECTION 
2014-05-29 07:16:16 - [32minfo[39m:  ---------------------------------------------
2014-08-01 02:29:54 - [32minfo[39m:  



2014-08-01 02:29:54 - [32minfo[39m:  ---------------------------------------------
2014-08-01 02:29:54 - [32minfo[39m:              START OF LOG SECTION 
2014-08-01 02:29:54 - [32minfo[39m:  ---------------------------------------------
2014-08-01 02:57:02 - [32minfo[39m:  



2014-08-01 02:57:02 - [32minfo[39m:  ---------------------------------------------
2014-08-01 02:57:02 - [32minfo[39m:              START OF LOG SECTION 
2014-08-01 02:57:02 - [32minfo[39m:  ---------------------------------------------
2014-08-01 02:57:50 - [32minfo[39m:  



2014-08-01 02:57:50 - [32minfo[39m:  ---------------------------------------------
2014-08-01 02:57:50 - [32minfo[39m:              START OF LOG SECTION 
2014-08-01 02:57:50 - [32minfo[39m:  ---------------------------------------------
2014-08-01 03:49:13 - [32minfo[39m:  



2014-08-01 03:49:13 - [32minfo[39m:  ---------------------------------------------
2014-08-01 03:49:13 - [32minfo[39m:              START OF LOG SECTION 
2014-08-01 03:49:13 - [32minfo[39m:  ---------------------------------------------
2014-08-01 03:49:54 - [32minfo[39m:  



2014-08-01 03:49:54 - [32minfo[39m:  ---------------------------------------------
2014-08-01 03:49:54 - [32minfo[39m:              START OF LOG SECTION 
2014-08-01 03:49:54 - [32minfo[39m:  ---------------------------------------------
2014-08-01 03:52:57 - [32minfo[39m:  



2014-08-01 03:52:57 - [32minfo[39m:  ---------------------------------------------
2014-08-01 03:52:57 - [32minfo[39m:              START OF LOG SECTION 
2014-08-01 03:52:57 - [32minfo[39m:  ---------------------------------------------
2014-08-01 03:55:16 - [32minfo[39m:  



2014-08-01 03:55:16 - [32minfo[39m:  ---------------------------------------------
2014-08-01 03:55:16 - [32minfo[39m:              START OF LOG SECTION 
2014-08-01 03:55:16 - [32minfo[39m:  ---------------------------------------------
2014-08-01 03:56:08 - [32minfo[39m:  



2014-08-01 03:56:08 - [32minfo[39m:  ---------------------------------------------
2014-08-01 03:56:08 - [32minfo[39m:              START OF LOG SECTION 
2014-08-01 03:56:08 - [32minfo[39m:  ---------------------------------------------
2014-08-01 03:57:13 - [32minfo[39m:  



2014-08-01 03:57:13 - [32minfo[39m:  ---------------------------------------------
2014-08-01 03:57:13 - [32minfo[39m:              START OF LOG SECTION 
2014-08-01 03:57:13 - [32minfo[39m:  ---------------------------------------------
2014-08-01 04:00:34 - [32minfo[39m:  



2014-08-01 04:00:34 - [32minfo[39m:  ---------------------------------------------
2014-08-01 04:00:34 - [32minfo[39m:              START OF LOG SECTION 
2014-08-01 04:00:34 - [32minfo[39m:  ---------------------------------------------
2014-08-01 04:03:15 - [32minfo[39m:  



2014-08-01 04:03:15 - [32minfo[39m:  ---------------------------------------------
2014-08-01 04:03:15 - [32minfo[39m:              START OF LOG SECTION 
2014-08-01 04:03:15 - [32minfo[39m:  ---------------------------------------------
2014-08-01 04:03:55 - [32minfo[39m:  



2014-08-01 04:03:55 - [32minfo[39m:  ---------------------------------------------
2014-08-01 04:03:55 - [32minfo[39m:              START OF LOG SECTION 
2014-08-01 04:03:55 - [32minfo[39m:  ---------------------------------------------
2014-08-01 04:05:58 - [32minfo[39m:  



2014-08-01 04:05:58 - [32minfo[39m:  ---------------------------------------------
2014-08-01 04:05:58 - [32minfo[39m:              START OF LOG SECTION 
2014-08-01 04:05:58 - [32minfo[39m:  ---------------------------------------------
2014-08-01 04:09:07 - [32minfo[39m:  



2014-08-01 04:09:07 - [32minfo[39m:  ---------------------------------------------
2014-08-01 04:09:07 - [32minfo[39m:              START OF LOG SECTION 
2014-08-01 04:09:07 - [32minfo[39m:  ---------------------------------------------
2014-08-01 04:09:17 - [32minfo[39m:  



2014-08-01 04:09:17 - [32minfo[39m:  ---------------------------------------------
2014-08-01 04:09:17 - [32minfo[39m:              START OF LOG SECTION 
2014-08-01 04:09:17 - [32minfo[39m:  ---------------------------------------------
2014-08-01 04:09:41 - [32minfo[39m:  



2014-08-01 04:09:41 - [32minfo[39m:  ---------------------------------------------
2014-08-01 04:09:41 - [32minfo[39m:              START OF LOG SECTION 
2014-08-01 04:09:41 - [32minfo[39m:  ---------------------------------------------
2014-08-01 04:09:57 - [32minfo[39m:  



2014-08-01 04:09:57 - [32minfo[39m:  ---------------------------------------------
2014-08-01 04:09:57 - [32minfo[39m:              START OF LOG SECTION 
2014-08-01 04:09:57 - [32minfo[39m:  ---------------------------------------------
2014-08-01 04:11:33 - [32minfo[39m:  



2014-08-01 04:11:33 - [32minfo[39m:  ---------------------------------------------
2014-08-01 04:11:33 - [32minfo[39m:              START OF LOG SECTION 
2014-08-01 04:11:33 - [32minfo[39m:  ---------------------------------------------
2014-08-01 04:13:44 - [32minfo[39m:  



2014-08-01 04:13:44 - [32minfo[39m:  ---------------------------------------------
2014-08-01 04:13:44 - [32minfo[39m:              START OF LOG SECTION 
2014-08-01 04:13:44 - [32minfo[39m:  ---------------------------------------------
2014-08-01 04:16:53 - [32minfo[39m:  



2014-08-01 04:16:53 - [32minfo[39m:  ---------------------------------------------
2014-08-01 04:16:53 - [32minfo[39m:              START OF LOG SECTION 
2014-08-01 04:16:53 - [32minfo[39m:  ---------------------------------------------
2014-08-01 04:43:51 - [32minfo[39m:  



2014-08-01 04:43:51 - [32minfo[39m:  ---------------------------------------------
2014-08-01 04:43:51 - [32minfo[39m:              START OF LOG SECTION 
2014-08-01 04:43:51 - [32minfo[39m:  ---------------------------------------------
2014-08-01 04:43:51 - [31merror[39m: uncaughtException: Cannot find module '/home/foobarsystem/projects/seicloud-findstudent/node_modules/serialport/build/serialport/v1.4.0/Release/node-webkit-v14-linux-x64/serialport.node' 
{ date: [32m'Fri Aug 01 2014 04:43:51 GMT+0700 (ICT)'[39m,
  process: 
   { pid: [33m9248[39m,
     uid: [33m1000[39m,
     gid: [33m1000[39m,
     cwd: [32m'/home/foobarsystem/projects/seicloud-findstudent/app'[39m,
     execPath: [32m'/usr/local/lib/node_modules/nodewebkit/nodewebkit/nw'[39m,
     version: [32m'v0.11.13-pre'[39m,
     argv: [ [32m'node'[39m ],
     memoryUsage: { rss: [33m53174272[39m, heapTotal: [33m33334272[39m, heapUsed: [33m17662128[39m } },
  os: 
   { loadavg: [ [33m0.64599609375[39m, [33m0.83251953125[39m, [33m1.05908203125[39m ],
     uptime: [33m68545[39m },
  trace: 
   [ { column: [33m15[39m,
       file: [32m'module.js'[39m,
       function: [32m'Function.Module._resolveFilename'[39m,
       line: [33m334[39m,
       method: [32m'Module._resolveFilename'[39m,
       native: [33mfalse[39m },
     { column: [33m25[39m,
       file: [32m'module.js'[39m,
       function: [32m'Function.Module._load'[39m,
       line: [33m273[39m,
       method: [32m'Module._load'[39m,
       native: [33mfalse[39m },
     { column: [33m17[39m,
       file: [32m'module.js'[39m,
       function: [32m'Module.require'[39m,
       line: [33m360[39m,
       method: [32m'require'[39m,
       native: [33mfalse[39m },
     { column: [33m17[39m,
       file: [32m'module.js'[39m,
       function: [32m'require'[39m,
       line: [33m376[39m,
       method: [1mnull[22m,
       native: [33mfalse[39m },
     { column: [33m25[39m,
       file: [32m'/home/foobarsystem/projects/seicloud-findstudent/node_modules/serialport/serialport.js'[39m,
       function: [32m''[39m,
       line: [33m12[39m,
       method: [1mnull[22m,
       native: [33mfalse[39m },
     { column: [33m26[39m,
       file: [32m'module.js'[39m,
       function: [32m'Module._compile'[39m,
       line: [33m452[39m,
       method: [32m'_compile'[39m,
       native: [33mfalse[39m },
     { column: [33m10[39m,
       file: [32m'module.js'[39m,
       function: [32m'Object.Module._extensions..js'[39m,
       line: [33m470[39m,
       method: [32m'Module._extensions..js'[39m,
       native: [33mfalse[39m },
     { column: [33m32[39m,
       file: [32m'module.js'[39m,
       function: [32m'Module.load'[39m,
       line: [33m352[39m,
       method: [32m'load'[39m,
       native: [33mfalse[39m },
     { column: [33m12[39m,
       file: [32m'module.js'[39m,
       function: [32m'Function.Module._load'[39m,
       line: [33m308[39m,
       method: [32m'Module._load'[39m,
       native: [33mfalse[39m },
     { column: [33m17[39m,
       file: [32m'module.js'[39m,
       function: [32m'Module.require'[39m,
       line: [33m360[39m,
       method: [32m'require'[39m,
       native: [33mfalse[39m },
     { column: [33m17[39m,
       file: [32m'module.js'[39m,
       function: [32m'require'[39m,
       line: [33m376[39m,
       method: [1mnull[22m,
       native: [33mfalse[39m },
     { column: [33m11[39m,
       file: [32m'/home/foobarsystem/projects/seicloud-findstudent/node_modules/reader.js'[39m,
       function: [32m''[39m,
       line: [33m7[39m,
       method: [1mnull[22m,
       native: [33mfalse[39m } ],
  stack: 
   [ [32m'Error: Cannot find module \'/home/foobarsystem/projects/seicloud-findstudent/node_modules/serialport/build/serialport/v1.4.0/Release/node-webkit-v14-linux-x64/serialport.node\''[39m,
     [32m'    at Function.Module._resolveFilename (module.js:334:15)'[39m,
     [32m'    at Function.Module._load (module.js:273:25)'[39m,
     [32m'    at Module.require (module.js:360:17)'[39m,
     [32m'    at require (module.js:376:17)'[39m,
     [32m'    at Object.<anonymous> (/home/foobarsystem/projects/seicloud-findstudent/node_modules/serialport/serialport.js:12:25)'[39m,
     [32m'    at Module._compile (module.js:452:26)'[39m,
     [32m'    at Object.Module._extensions..js (module.js:470:10)'[39m,
     [32m'    at Module.load (module.js:352:32)'[39m,
     [32m'    at Function.Module._load (module.js:308:12)'[39m,
     [32m'    at Module.require (module.js:360:17)'[39m,
     [32m'    at require (module.js:376:17)'[39m,
     [32m'    at Object.<anonymous> (/home/foobarsystem/projects/seicloud-findstudent/node_modules/reader.js:7:11)'[39m ] }
2014-08-01 04:50:40 - [32minfo[39m:  



2014-08-01 04:50:40 - [32minfo[39m:  ---------------------------------------------
2014-08-01 04:50:40 - [32minfo[39m:              START OF LOG SECTION 
2014-08-01 04:50:40 - [32minfo[39m:  ---------------------------------------------
2014-08-01 04:50:40 - [31merror[39m: uncaughtException: Cannot find module '/home/foobarsystem/projects/seicloud-findstudent/node_modules/serialport/build/serialport/v1.4.0/Release/node-webkit-v14-linux-x64/serialport.node' 
{ date: [32m'Fri Aug 01 2014 04:50:40 GMT+0700 (ICT)'[39m,
  process: 
   { pid: [33m9817[39m,
     uid: [33m1000[39m,
     gid: [33m1000[39m,
     cwd: [32m'/home/foobarsystem/projects/seicloud-findstudent/app'[39m,
     execPath: [32m'/usr/local/lib/node_modules/nodewebkit/nodewebkit/nw'[39m,
     version: [32m'v0.11.13-pre'[39m,
     argv: [ [32m'node'[39m ],
     memoryUsage: { rss: [33m54267904[39m, heapTotal: [33m33334272[39m, heapUsed: [33m17699456[39m } },
  os: 
   { loadavg: [ [33m0.7392578125[39m, [33m0.5869140625[39m, [33m0.8408203125[39m ],
     uptime: [33m68955[39m },
  trace: 
   [ { column: [33m15[39m,
       file: [32m'module.js'[39m,
       function: [32m'Function.Module._resolveFilename'[39m,
       line: [33m334[39m,
       method: [32m'Module._resolveFilename'[39m,
       native: [33mfalse[39m },
     { column: [33m25[39m,
       file: [32m'module.js'[39m,
       function: [32m'Function.Module._load'[39m,
       line: [33m273[39m,
       method: [32m'Module._load'[39m,
       native: [33mfalse[39m },
     { column: [33m17[39m,
       file: [32m'module.js'[39m,
       function: [32m'Module.require'[39m,
       line: [33m360[39m,
       method: [32m'require'[39m,
       native: [33mfalse[39m },
     { column: [33m17[39m,
       file: [32m'module.js'[39m,
       function: [32m'require'[39m,
       line: [33m376[39m,
       method: [1mnull[22m,
       native: [33mfalse[39m },
     { column: [33m25[39m,
       file: [32m'/home/foobarsystem/projects/seicloud-findstudent/node_modules/serialport/serialport.js'[39m,
       function: [32m''[39m,
       line: [33m12[39m,
       method: [1mnull[22m,
       native: [33mfalse[39m },
     { column: [33m26[39m,
       file: [32m'module.js'[39m,
       function: [32m'Module._compile'[39m,
       line: [33m452[39m,
       method: [32m'_compile'[39m,
       native: [33mfalse[39m },
     { column: [33m10[39m,
       file: [32m'module.js'[39m,
       function: [32m'Object.Module._extensions..js'[39m,
       line: [33m470[39m,
       method: [32m'Module._extensions..js'[39m,
       native: [33mfalse[39m },
     { column: [33m32[39m,
       file: [32m'module.js'[39m,
       function: [32m'Module.load'[39m,
       line: [33m352[39m,
       method: [32m'load'[39m,
       native: [33mfalse[39m },
     { column: [33m12[39m,
       file: [32m'module.js'[39m,
       function: [32m'Function.Module._load'[39m,
       line: [33m308[39m,
       method: [32m'Module._load'[39m,
       native: [33mfalse[39m },
     { column: [33m17[39m,
       file: [32m'module.js'[39m,
       function: [32m'Module.require'[39m,
       line: [33m360[39m,
       method: [32m'require'[39m,
       native: [33mfalse[39m },
     { column: [33m17[39m,
       file: [32m'module.js'[39m,
       function: [32m'require'[39m,
       line: [33m376[39m,
       method: [1mnull[22m,
       native: [33mfalse[39m },
     { column: [33m11[39m,
       file: [32m'/home/foobarsystem/projects/seicloud-findstudent/node_modules/reader.js'[39m,
       function: [32m''[39m,
       line: [33m7[39m,
       method: [1mnull[22m,
       native: [33mfalse[39m } ],
  stack: 
   [ [32m'Error: Cannot find module \'/home/foobarsystem/projects/seicloud-findstudent/node_modules/serialport/build/serialport/v1.4.0/Release/node-webkit-v14-linux-x64/serialport.node\''[39m,
     [32m'    at Function.Module._resolveFilename (module.js:334:15)'[39m,
     [32m'    at Function.Module._load (module.js:273:25)'[39m,
     [32m'    at Module.require (module.js:360:17)'[39m,
     [32m'    at require (module.js:376:17)'[39m,
     [32m'    at Object.<anonymous> (/home/foobarsystem/projects/seicloud-findstudent/node_modules/serialport/serialport.js:12:25)'[39m,
     [32m'    at Module._compile (module.js:452:26)'[39m,
     [32m'    at Object.Module._extensions..js (module.js:470:10)'[39m,
     [32m'    at Module.load (module.js:352:32)'[39m,
     [32m'    at Function.Module._load (module.js:308:12)'[39m,
     [32m'    at Module.require (module.js:360:17)'[39m,
     [32m'    at require (module.js:376:17)'[39m,
     [32m'    at Object.<anonymous> (/home/foobarsystem/projects/seicloud-findstudent/node_modules/reader.js:7:11)'[39m ] }
2014-08-01 04:54:38 - [32minfo[39m:  



2014-08-01 04:54:38 - [32minfo[39m:  ---------------------------------------------
2014-08-01 04:54:38 - [32minfo[39m:              START OF LOG SECTION 
2014-08-01 04:54:38 - [32minfo[39m:  ---------------------------------------------
2014-08-01 04:54:46 - [32minfo[39m:  



2014-08-01 04:54:46 - [32minfo[39m:  ---------------------------------------------
2014-08-01 04:54:46 - [32minfo[39m:              START OF LOG SECTION 
2014-08-01 04:54:46 - [32minfo[39m:  ---------------------------------------------
2014-08-01 04:59:16 - [32minfo[39m:  



2014-08-01 04:59:16 - [32minfo[39m:  ---------------------------------------------
2014-08-01 04:59:16 - [32minfo[39m:              START OF LOG SECTION 
2014-08-01 04:59:16 - [32minfo[39m:  ---------------------------------------------
2014-08-01 05:00:24 - [32minfo[39m:  



2014-08-01 05:00:24 - [32minfo[39m:  ---------------------------------------------
2014-08-01 05:00:24 - [32minfo[39m:              START OF LOG SECTION 
2014-08-01 05:00:24 - [32minfo[39m:  ---------------------------------------------
